1:C 18 Jul 2020 16:31:12.488 # oO0OoO0OoO0Oo Redis is starting oO0OoO0OoO0Oo
1:C 18 Jul 2020 16:31:12.488 # Redis version=6.0.5, bits=64, commit=00000000, modified=0, pid=1, just started
1:C 18 Jul 2020 16:31:12.488 # Configuration loaded
1:M 18 Jul 2020 16:31:12.490 * No cluster configuration found, I'm a0f4e0ad2f06c687e24be6d599fd43446a0c7f2e
                _._                                                  
           _.-``__ ''-._                                             
      _.-``    `.  `_.  ''-._           Redis 6.0.5 (00000000/0) 64 bit
  .-`` .-```.  ```\/    _.,_ ''-._                                   
 (    '      ,       .-`  | `,    )     Running in cluster mode
 |`-._`-...-` __...-.``-._|'` _.-'|     Port: 6379
 |    `-._   `._    /     _.-'    |     PID: 1
  `-._    `-._  `-./  _.-'    _.-'                                   
 |`-._`-._    `-.__.-'    _.-'_.-'|                                  
 |    `-._`-._        _.-'_.-'    |           http://redis.io        
  `-._    `-._`-.__.-'_.-'    _.-'                                   
 |`-._`-._    `-.__.-'    _.-'_.-'|                                  
 |    `-._`-._        _.-'_.-'    |                                  
  `-._    `-._`-.__.-'_.-'    _.-'                                   
      `-._    `-.__.-'    _.-'                                       
          `-._        _.-'                                           
              `-.__.-'                                               

1:M 18 Jul 2020 16:31:12.502 # WARNING: The TCP backlog setting of 511 cannot be enforced because /proc/sys/net/core/somaxconn is set to the lower value of 128.
1:M 18 Jul 2020 16:31:12.502 # Server initialized
1:M 18 Jul 2020 16:31:12.502 # WARNING overcommit_memory is set to 0! Background save may fail under low memory condition. To fix this issue add 'vm.overcommit_memory = 1' to /etc/sysctl.conf and then reboot or run the command 'sysctl vm.overcommit_memory=1' for this to take effect.
1:M 18 Jul 2020 16:31:12.502 # WARNING you have Transparent Huge Pages (THP) support enabled in your kernel. This will create latency and memory usage issues with Redis. To fix this issue run the command 'echo never > /sys/kernel/mm/transparent_hugepage/enabled' as root, and add it to your /etc/rc.local in order to retain the setting after a reboot. Redis must be restarted after THP is disabled.
1:M 18 Jul 2020 16:31:12.502 * Ready to accept connections
1:signal-handler (1595089906) Received SIGTERM scheduling shutdown...
1:M 18 Jul 2020 16:31:46.641 # User requested shutdown...
1:M 18 Jul 2020 16:31:46.641 * Saving the final RDB snapshot before exiting.
1:M 18 Jul 2020 16:31:46.643 * DB saved on disk
1:M 18 Jul 2020 16:31:46.643 * Removing the pid file.
1:M 18 Jul 2020 16:31:46.643 # Redis is now ready to exit, bye bye...
1:C 18 Jul 2020 16:40:22.623 # oO0OoO0OoO0Oo Redis is starting oO0OoO0OoO0Oo
1:C 18 Jul 2020 16:40:22.625 # Redis version=6.0.5, bits=64, commit=00000000, modified=0, pid=1, just started
1:C 18 Jul 2020 16:40:22.625 # Configuration loaded
1:M 18 Jul 2020 16:40:22.632 * Node configuration loaded, I'm a0f4e0ad2f06c687e24be6d599fd43446a0c7f2e
                _._                                                  
           _.-``__ ''-._                                             
      _.-``    `.  `_.  ''-._           Redis 6.0.5 (00000000/0) 64 bit
  .-`` .-```.  ```\/    _.,_ ''-._                                   
 (    '      ,       .-`  | `,    )     Running in cluster mode
 |`-._`-...-` __...-.``-._|'` _.-'|     Port: 6379
 |    `-._   `._    /     _.-'    |     PID: 1
  `-._    `-._  `-./  _.-'    _.-'                                   
 |`-._`-._    `-.__.-'    _.-'_.-'|                                  
 |    `-._`-._        _.-'_.-'    |           http://redis.io        
  `-._    `-._`-.__.-'_.-'    _.-'                                   
 |`-._`-._    `-.__.-'    _.-'_.-'|                                  
 |    `-._`-._        _.-'_.-'    |                                  
  `-._    `-._`-.__.-'_.-'    _.-'                                   
      `-._    `-.__.-'    _.-'                                       
          `-._        _.-'                                           
              `-.__.-'                                               

1:M 18 Jul 2020 16:40:22.632 # WARNING: The TCP backlog setting of 511 cannot be enforced because /proc/sys/net/core/somaxconn is set to the lower value of 128.
1:M 18 Jul 2020 16:40:22.632 # Server initialized
1:M 18 Jul 2020 16:40:22.632 # WARNING overcommit_memory is set to 0! Background save may fail under low memory condition. To fix this issue add 'vm.overcommit_memory = 1' to /etc/sysctl.conf and then reboot or run the command 'sysctl vm.overcommit_memory=1' for this to take effect.
1:M 18 Jul 2020 16:40:22.633 # WARNING you have Transparent Huge Pages (THP) support enabled in your kernel. This will create latency and memory usage issues with Redis. To fix this issue run the command 'echo never > /sys/kernel/mm/transparent_hugepage/enabled' as root, and add it to your /etc/rc.local in order to retain the setting after a reboot. Redis must be restarted after THP is disabled.
1:M 18 Jul 2020 16:40:22.635 * Loading RDB produced by version 6.0.5
1:M 18 Jul 2020 16:40:22.635 * RDB age 516 seconds
1:M 18 Jul 2020 16:40:22.635 * RDB memory usage when created 1.39 Mb
1:M 18 Jul 2020 16:40:22.635 * DB loaded from disk: 0.002 seconds
1:M 18 Jul 2020 16:40:22.635 * Ready to accept connections
1:signal-handler (1595090424) Received SIGTERM scheduling shutdown...
1:M 18 Jul 2020 16:40:24.957 # User requested shutdown...
1:M 18 Jul 2020 16:40:24.957 * Saving the final RDB snapshot before exiting.
1:M 18 Jul 2020 16:40:24.968 * DB saved on disk
1:M 18 Jul 2020 16:40:24.968 * Removing the pid file.
1:M 18 Jul 2020 16:40:24.968 # Redis is now ready to exit, bye bye...
1:C 18 Jul 2020 16:41:00.681 # oO0OoO0OoO0Oo Redis is starting oO0OoO0OoO0Oo
1:C 18 Jul 2020 16:41:00.685 # Redis version=6.0.5, bits=64, commit=00000000, modified=0, pid=1, just started
1:C 18 Jul 2020 16:41:00.685 # Configuration loaded
1:M 18 Jul 2020 16:41:00.689 * Node configuration loaded, I'm a0f4e0ad2f06c687e24be6d599fd43446a0c7f2e
                _._                                                  
           _.-``__ ''-._                                             
      _.-``    `.  `_.  ''-._           Redis 6.0.5 (00000000/0) 64 bit
  .-`` .-```.  ```\/    _.,_ ''-._                                   
 (    '      ,       .-`  | `,    )     Running in cluster mode
 |`-._`-...-` __...-.``-._|'` _.-'|     Port: 6379
 |    `-._   `._    /     _.-'    |     PID: 1
  `-._    `-._  `-./  _.-'    _.-'                                   
 |`-._`-._    `-.__.-'    _.-'_.-'|                                  
 |    `-._`-._        _.-'_.-'    |           http://redis.io        
  `-._    `-._`-.__.-'_.-'    _.-'                                   
 |`-._`-._    `-.__.-'    _.-'_.-'|                                  
 |    `-._`-._        _.-'_.-'    |                                  
  `-._    `-._`-.__.-'_.-'    _.-'                                   
      `-._    `-.__.-'    _.-'                                       
          `-._        _.-'                                           
              `-.__.-'                                               

1:M 18 Jul 2020 16:41:00.689 # WARNING: The TCP backlog setting of 511 cannot be enforced because /proc/sys/net/core/somaxconn is set to the lower value of 128.
1:M 18 Jul 2020 16:41:00.689 # Server initialized
1:M 18 Jul 2020 16:41:00.689 # WARNING overcommit_memory is set to 0! Background save may fail under low memory condition. To fix this issue add 'vm.overcommit_memory = 1' to /etc/sysctl.conf and then reboot or run the command 'sysctl vm.overcommit_memory=1' for this to take effect.
1:M 18 Jul 2020 16:41:00.689 # WARNING you have Transparent Huge Pages (THP) support enabled in your kernel. This will create latency and memory usage issues with Redis. To fix this issue run the command 'echo never > /sys/kernel/mm/transparent_hugepage/enabled' as root, and add it to your /etc/rc.local in order to retain the setting after a reboot. Redis must be restarted after THP is disabled.
1:M 18 Jul 2020 16:41:00.692 * Loading RDB produced by version 6.0.5
1:M 18 Jul 2020 16:41:00.692 * RDB age 36 seconds
1:M 18 Jul 2020 16:41:00.693 * RDB memory usage when created 1.39 Mb
1:M 18 Jul 2020 16:41:00.693 * DB loaded from disk: 0.003 seconds
1:M 18 Jul 2020 16:41:00.693 * Ready to accept connections
1:signal-handler (1595091035) Received SIGTERM scheduling shutdown...
1:M 18 Jul 2020 16:50:35.995 # User requested shutdown...
1:M 18 Jul 2020 16:50:35.995 * Saving the final RDB snapshot before exiting.
1:M 18 Jul 2020 16:50:35.999 * DB saved on disk
1:M 18 Jul 2020 16:50:35.999 * Removing the pid file.
1:M 18 Jul 2020 16:50:35.999 # Redis is now ready to exit, bye bye...
1:C 18 Jul 2020 16:54:00.181 # oO0OoO0OoO0Oo Redis is starting oO0OoO0OoO0Oo
1:C 18 Jul 2020 16:54:00.181 # Redis version=6.0.5, bits=64, commit=00000000, modified=0, pid=1, just started
1:C 18 Jul 2020 16:54:00.181 # Configuration loaded
1:M 18 Jul 2020 16:54:00.187 * Node configuration loaded, I'm a0f4e0ad2f06c687e24be6d599fd43446a0c7f2e
                _._                                                  
           _.-``__ ''-._                                             
      _.-``    `.  `_.  ''-._           Redis 6.0.5 (00000000/0) 64 bit
  .-`` .-```.  ```\/    _.,_ ''-._                                   
 (    '      ,       .-`  | `,    )     Running in cluster mode
 |`-._`-...-` __...-.``-._|'` _.-'|     Port: 6379
 |    `-._   `._    /     _.-'    |     PID: 1
  `-._    `-._  `-./  _.-'    _.-'                                   
 |`-._`-._    `-.__.-'    _.-'_.-'|                                  
 |    `-._`-._        _.-'_.-'    |           http://redis.io        
  `-._    `-._`-.__.-'_.-'    _.-'                                   
 |`-._`-._    `-.__.-'    _.-'_.-'|                                  
 |    `-._`-._        _.-'_.-'    |                                  
  `-._    `-._`-.__.-'_.-'    _.-'                                   
      `-._    `-.__.-'    _.-'                                       
          `-._        _.-'                                           
              `-.__.-'                                               

1:M 18 Jul 2020 16:54:00.188 # WARNING: The TCP backlog setting of 511 cannot be enforced because /proc/sys/net/core/somaxconn is set to the lower value of 128.
1:M 18 Jul 2020 16:54:00.188 # Server initialized
1:M 18 Jul 2020 16:54:00.188 # WARNING overcommit_memory is set to 0! Background save may fail under low memory condition. To fix this issue add 'vm.overcommit_memory = 1' to /etc/sysctl.conf and then reboot or run the command 'sysctl vm.overcommit_memory=1' for this to take effect.
1:M 18 Jul 2020 16:54:00.188 # WARNING you have Transparent Huge Pages (THP) support enabled in your kernel. This will create latency and memory usage issues with Redis. To fix this issue run the command 'echo never > /sys/kernel/mm/transparent_hugepage/enabled' as root, and add it to your /etc/rc.local in order to retain the setting after a reboot. Redis must be restarted after THP is disabled.
1:M 18 Jul 2020 16:54:00.189 * Loading RDB produced by version 6.0.5
1:M 18 Jul 2020 16:54:00.189 * RDB age 205 seconds
1:M 18 Jul 2020 16:54:00.189 * RDB memory usage when created 1.39 Mb
1:M 18 Jul 2020 16:54:00.189 * DB loaded from disk: 0.000 seconds
1:M 18 Jul 2020 16:54:00.189 * Ready to accept connections
1:signal-handler (1595091394) Received SIGTERM scheduling shutdown...
1:M 18 Jul 2020 16:56:34.793 # User requested shutdown...
1:M 18 Jul 2020 16:56:34.793 * Saving the final RDB snapshot before exiting.
1:M 18 Jul 2020 16:56:34.797 * DB saved on disk
1:M 18 Jul 2020 16:56:34.797 * Removing the pid file.
1:M 18 Jul 2020 16:56:34.797 # Redis is now ready to exit, bye bye...
1:C 18 Jul 2020 16:57:42.506 # oO0OoO0OoO0Oo Redis is starting oO0OoO0OoO0Oo
1:C 18 Jul 2020 16:57:42.507 # Redis version=6.0.5, bits=64, commit=00000000, modified=0, pid=1, just started
1:C 18 Jul 2020 16:57:42.507 # Configuration loaded
1:M 18 Jul 2020 16:57:42.510 * Node configuration loaded, I'm a0f4e0ad2f06c687e24be6d599fd43446a0c7f2e
                _._                                                  
           _.-``__ ''-._                                             
      _.-``    `.  `_.  ''-._           Redis 6.0.5 (00000000/0) 64 bit
  .-`` .-```.  ```\/    _.,_ ''-._                                   
 (    '      ,       .-`  | `,    )     Running in cluster mode
 |`-._`-...-` __...-.``-._|'` _.-'|     Port: 6379
 |    `-._   `._    /     _.-'    |     PID: 1
  `-._    `-._  `-./  _.-'    _.-'                                   
 |`-._`-._    `-.__.-'    _.-'_.-'|                                  
 |    `-._`-._        _.-'_.-'    |           http://redis.io        
  `-._    `-._`-.__.-'_.-'    _.-'                                   
 |`-._`-._    `-.__.-'    _.-'_.-'|                                  
 |    `-._`-._        _.-'_.-'    |                                  
  `-._    `-._`-.__.-'_.-'    _.-'                                   
      `-._    `-.__.-'    _.-'                                       
          `-._        _.-'                                           
              `-.__.-'                                               

1:M 18 Jul 2020 16:57:42.511 # WARNING: The TCP backlog setting of 511 cannot be enforced because /proc/sys/net/core/somaxconn is set to the lower value of 128.
1:M 18 Jul 2020 16:57:42.511 # Server initialized
1:M 18 Jul 2020 16:57:42.511 # WARNING overcommit_memory is set to 0! Background save may fail under low memory condition. To fix this issue add 'vm.overcommit_memory = 1' to /etc/sysctl.conf and then reboot or run the command 'sysctl vm.overcommit_memory=1' for this to take effect.
1:M 18 Jul 2020 16:57:42.511 # WARNING you have Transparent Huge Pages (THP) support enabled in your kernel. This will create latency and memory usage issues with Redis. To fix this issue run the command 'echo never > /sys/kernel/mm/transparent_hugepage/enabled' as root, and add it to your /etc/rc.local in order to retain the setting after a reboot. Redis must be restarted after THP is disabled.
1:M 18 Jul 2020 16:57:42.512 * Loading RDB produced by version 6.0.5
1:M 18 Jul 2020 16:57:42.512 * RDB age 68 seconds
1:M 18 Jul 2020 16:57:42.512 * RDB memory usage when created 1.39 Mb
1:M 18 Jul 2020 16:57:42.513 * DB loaded from disk: 0.001 seconds
1:M 18 Jul 2020 16:57:42.513 * Ready to accept connections
1:signal-handler (1595091585) Received SIGTERM scheduling shutdown...
1:M 18 Jul 2020 16:59:45.516 # User requested shutdown...
1:M 18 Jul 2020 16:59:45.516 * Saving the final RDB snapshot before exiting.
1:M 18 Jul 2020 16:59:45.519 * DB saved on disk
1:M 18 Jul 2020 16:59:45.519 * Removing the pid file.
1:M 18 Jul 2020 16:59:45.519 # Redis is now ready to exit, bye bye...
1:C 18 Jul 2020 17:03:26.770 # oO0OoO0OoO0Oo Redis is starting oO0OoO0OoO0Oo
1:C 18 Jul 2020 17:03:26.770 # Redis version=6.0.5, bits=64, commit=00000000, modified=0, pid=1, just started
1:C 18 Jul 2020 17:03:26.770 # Configuration loaded
1:M 18 Jul 2020 17:03:26.772 * Node configuration loaded, I'm a0f4e0ad2f06c687e24be6d599fd43446a0c7f2e
                _._                                                  
           _.-``__ ''-._                                             
      _.-``    `.  `_.  ''-._           Redis 6.0.5 (00000000/0) 64 bit
  .-`` .-```.  ```\/    _.,_ ''-._                                   
 (    '      ,       .-`  | `,    )     Running in cluster mode
 |`-._`-...-` __...-.``-._|'` _.-'|     Port: 6379
 |    `-._   `._    /     _.-'    |     PID: 1
  `-._    `-._  `-./  _.-'    _.-'                                   
 |`-._`-._    `-.__.-'    _.-'_.-'|                                  
 |    `-._`-._        _.-'_.-'    |           http://redis.io        
  `-._    `-._`-.__.-'_.-'    _.-'                                   
 |`-._`-._    `-.__.-'    _.-'_.-'|                                  
 |    `-._`-._        _.-'_.-'    |                                  
  `-._    `-._`-.__.-'_.-'    _.-'                                   
      `-._    `-.__.-'    _.-'                                       
          `-._        _.-'                                           
              `-.__.-'                                               

1:M 18 Jul 2020 17:03:26.773 # WARNING: The TCP backlog setting of 511 cannot be enforced because /proc/sys/net/core/somaxconn is set to the lower value of 128.
1:M 18 Jul 2020 17:03:26.773 # Server initialized
1:M 18 Jul 2020 17:03:26.773 # WARNING overcommit_memory is set to 0! Background save may fail under low memory condition. To fix this issue add 'vm.overcommit_memory = 1' to /etc/sysctl.conf and then reboot or run the command 'sysctl vm.overcommit_memory=1' for this to take effect.
1:M 18 Jul 2020 17:03:26.773 # WARNING you have Transparent Huge Pages (THP) support enabled in your kernel. This will create latency and memory usage issues with Redis. To fix this issue run the command 'echo never > /sys/kernel/mm/transparent_hugepage/enabled' as root, and add it to your /etc/rc.local in order to retain the setting after a reboot. Redis must be restarted after THP is disabled.
1:M 18 Jul 2020 17:03:26.774 * Loading RDB produced by version 6.0.5
1:M 18 Jul 2020 17:03:26.774 * RDB age 221 seconds
1:M 18 Jul 2020 17:03:26.774 * RDB memory usage when created 1.39 Mb
1:M 18 Jul 2020 17:03:26.774 * DB loaded from disk: 0.000 seconds
1:M 18 Jul 2020 17:03:26.777 * Ready to accept connections
1:signal-handler (1595091875) Received SIGTERM scheduling shutdown...
1:M 18 Jul 2020 17:04:35.514 # User requested shutdown...
1:M 18 Jul 2020 17:04:35.514 * Saving the final RDB snapshot before exiting.
1:M 18 Jul 2020 17:04:35.517 * DB saved on disk
1:M 18 Jul 2020 17:04:35.517 * Removing the pid file.
1:M 18 Jul 2020 17:04:35.517 # Redis is now ready to exit, bye bye...
1:C 18 Jul 2020 17:10:48.656 # oO0OoO0OoO0Oo Redis is starting oO0OoO0OoO0Oo
1:C 18 Jul 2020 17:10:48.656 # Redis version=6.0.5, bits=64, commit=00000000, modified=0, pid=1, just started
1:C 18 Jul 2020 17:10:48.656 # Configuration loaded
1:M 18 Jul 2020 17:10:48.658 * Node configuration loaded, I'm a0f4e0ad2f06c687e24be6d599fd43446a0c7f2e
                _._                                                  
           _.-``__ ''-._                                             
      _.-``    `.  `_.  ''-._           Redis 6.0.5 (00000000/0) 64 bit
  .-`` .-```.  ```\/    _.,_ ''-._                                   
 (    '      ,       .-`  | `,    )     Running in cluster mode
 |`-._`-...-` __...-.``-._|'` _.-'|     Port: 6379
 |    `-._   `._    /     _.-'    |     PID: 1
  `-._    `-._  `-./  _.-'    _.-'                                   
 |`-._`-._    `-.__.-'    _.-'_.-'|                                  
 |    `-._`-._        _.-'_.-'    |           http://redis.io        
  `-._    `-._`-.__.-'_.-'    _.-'                                   
 |`-._`-._    `-.__.-'    _.-'_.-'|                                  
 |    `-._`-._        _.-'_.-'    |                                  
  `-._    `-._`-.__.-'_.-'    _.-'                                   
      `-._    `-.__.-'    _.-'                                       
          `-._        _.-'                                           
              `-.__.-'                                               

1:M 18 Jul 2020 17:10:48.658 # WARNING: The TCP backlog setting of 511 cannot be enforced because /proc/sys/net/core/somaxconn is set to the lower value of 128.
1:M 18 Jul 2020 17:10:48.658 # Server initialized
1:M 18 Jul 2020 17:10:48.658 # WARNING overcommit_memory is set to 0! Background save may fail under low memory condition. To fix this issue add 'vm.overcommit_memory = 1' to /etc/sysctl.conf and then reboot or run the command 'sysctl vm.overcommit_memory=1' for this to take effect.
1:M 18 Jul 2020 17:10:48.658 # WARNING you have Transparent Huge Pages (THP) support enabled in your kernel. This will create latency and memory usage issues with Redis. To fix this issue run the command 'echo never > /sys/kernel/mm/transparent_hugepage/enabled' as root, and add it to your /etc/rc.local in order to retain the setting after a reboot. Redis must be restarted after THP is disabled.
1:M 18 Jul 2020 17:10:48.659 * Loading RDB produced by version 6.0.5
1:M 18 Jul 2020 17:10:48.659 * RDB age 373 seconds
1:M 18 Jul 2020 17:10:48.659 * RDB memory usage when created 1.39 Mb
1:M 18 Jul 2020 17:10:48.659 * DB loaded from disk: 0.000 seconds
1:M 18 Jul 2020 17:10:48.659 * Ready to accept connections
1:signal-handler (1595092292) Received SIGTERM scheduling shutdown...
1:M 18 Jul 2020 17:11:32.820 # User requested shutdown...
1:M 18 Jul 2020 17:11:32.820 * Saving the final RDB snapshot before exiting.
1:M 18 Jul 2020 17:11:32.827 * DB saved on disk
1:M 18 Jul 2020 17:11:32.827 * Removing the pid file.
1:M 18 Jul 2020 17:11:32.827 # Redis is now ready to exit, bye bye...
1:C 18 Jul 2020 17:12:46.962 # oO0OoO0OoO0Oo Redis is starting oO0OoO0OoO0Oo
1:C 18 Jul 2020 17:12:46.962 # Redis version=6.0.5, bits=64, commit=00000000, modified=0, pid=1, just started
1:C 18 Jul 2020 17:12:46.962 # Configuration loaded
1:M 18 Jul 2020 17:12:46.975 * Node configuration loaded, I'm a0f4e0ad2f06c687e24be6d599fd43446a0c7f2e
                _._                                                  
           _.-``__ ''-._                                             
      _.-``    `.  `_.  ''-._           Redis 6.0.5 (00000000/0) 64 bit
  .-`` .-```.  ```\/    _.,_ ''-._                                   
 (    '      ,       .-`  | `,    )     Running in cluster mode
 |`-._`-...-` __...-.``-._|'` _.-'|     Port: 6379
 |    `-._   `._    /     _.-'    |     PID: 1
  `-._    `-._  `-./  _.-'    _.-'                                   
 |`-._`-._    `-.__.-'    _.-'_.-'|                                  
 |    `-._`-._        _.-'_.-'    |           http://redis.io        
  `-._    `-._`-.__.-'_.-'    _.-'                                   
 |`-._`-._    `-.__.-'    _.-'_.-'|                                  
 |    `-._`-._        _.-'_.-'    |                                  
  `-._    `-._`-.__.-'_.-'    _.-'                                   
      `-._    `-.__.-'    _.-'                                       
          `-._        _.-'                                           
              `-.__.-'                                               

1:M 18 Jul 2020 17:12:46.975 # WARNING: The TCP backlog setting of 511 cannot be enforced because /proc/sys/net/core/somaxconn is set to the lower value of 128.
1:M 18 Jul 2020 17:12:46.975 # Server initialized
1:M 18 Jul 2020 17:12:46.975 # WARNING overcommit_memory is set to 0! Background save may fail under low memory condition. To fix this issue add 'vm.overcommit_memory = 1' to /etc/sysctl.conf and then reboot or run the command 'sysctl vm.overcommit_memory=1' for this to take effect.
1:M 18 Jul 2020 17:12:46.975 # WARNING you have Transparent Huge Pages (THP) support enabled in your kernel. This will create latency and memory usage issues with Redis. To fix this issue run the command 'echo never > /sys/kernel/mm/transparent_hugepage/enabled' as root, and add it to your /etc/rc.local in order to retain the setting after a reboot. Redis must be restarted after THP is disabled.
1:M 18 Jul 2020 17:12:46.976 * Loading RDB produced by version 6.0.5
1:M 18 Jul 2020 17:12:46.976 * RDB age 74 seconds
1:M 18 Jul 2020 17:12:46.976 * RDB memory usage when created 1.39 Mb
1:M 18 Jul 2020 17:12:46.976 * DB loaded from disk: 0.000 seconds
1:M 18 Jul 2020 17:12:46.976 * Ready to accept connections
1:signal-handler (1595092391) Received SIGTERM scheduling shutdown...
1:M 18 Jul 2020 17:13:11.110 # User requested shutdown...
1:M 18 Jul 2020 17:13:11.110 * Saving the final RDB snapshot before exiting.
1:M 18 Jul 2020 17:13:11.112 * DB saved on disk
1:M 18 Jul 2020 17:13:11.112 * Removing the pid file.
1:M 18 Jul 2020 17:13:11.112 # Redis is now ready to exit, bye bye...
1:C 18 Jul 2020 17:14:36.979 # oO0OoO0OoO0Oo Redis is starting oO0OoO0OoO0Oo
1:C 18 Jul 2020 17:14:36.979 # Redis version=6.0.5, bits=64, commit=00000000, modified=0, pid=1, just started
1:C 18 Jul 2020 17:14:36.979 # Configuration loaded
1:M 18 Jul 2020 17:14:36.981 * Node configuration loaded, I'm a0f4e0ad2f06c687e24be6d599fd43446a0c7f2e
                _._                                                  
           _.-``__ ''-._                                             
      _.-``    `.  `_.  ''-._           Redis 6.0.5 (00000000/0) 64 bit
  .-`` .-```.  ```\/    _.,_ ''-._                                   
 (    '      ,       .-`  | `,    )     Running in cluster mode
 |`-._`-...-` __...-.``-._|'` _.-'|     Port: 6379
 |    `-._   `._    /     _.-'    |     PID: 1
  `-._    `-._  `-./  _.-'    _.-'                                   
 |`-._`-._    `-.__.-'    _.-'_.-'|                                  
 |    `-._`-._        _.-'_.-'    |           http://redis.io        
  `-._    `-._`-.__.-'_.-'    _.-'                                   
 |`-._`-._    `-.__.-'    _.-'_.-'|                                  
 |    `-._`-._        _.-'_.-'    |                                  
  `-._    `-._`-.__.-'_.-'    _.-'                                   
      `-._    `-.__.-'    _.-'                                       
          `-._        _.-'                                           
              `-.__.-'                                               

1:M 18 Jul 2020 17:14:36.989 # WARNING: The TCP backlog setting of 511 cannot be enforced because /proc/sys/net/core/somaxconn is set to the lower value of 128.
1:M 18 Jul 2020 17:14:36.989 # Server initialized
1:M 18 Jul 2020 17:14:36.989 # WARNING overcommit_memory is set to 0! Background save may fail under low memory condition. To fix this issue add 'vm.overcommit_memory = 1' to /etc/sysctl.conf and then reboot or run the command 'sysctl vm.overcommit_memory=1' for this to take effect.
1:M 18 Jul 2020 17:14:36.989 # WARNING you have Transparent Huge Pages (THP) support enabled in your kernel. This will create latency and memory usage issues with Redis. To fix this issue run the command 'echo never > /sys/kernel/mm/transparent_hugepage/enabled' as root, and add it to your /etc/rc.local in order to retain the setting after a reboot. Redis must be restarted after THP is disabled.
1:M 18 Jul 2020 17:14:36.990 * Loading RDB produced by version 6.0.5
1:M 18 Jul 2020 17:14:36.990 * RDB age 85 seconds
1:M 18 Jul 2020 17:14:36.990 * RDB memory usage when created 1.39 Mb
1:M 18 Jul 2020 17:14:36.990 * DB loaded from disk: 0.000 seconds
1:M 18 Jul 2020 17:14:36.990 * Ready to accept connections
1:signal-handler (1595092480) Received SIGTERM scheduling shutdown...
1:M 18 Jul 2020 17:14:40.647 # User requested shutdown...
1:M 18 Jul 2020 17:14:40.647 * Saving the final RDB snapshot before exiting.
1:M 18 Jul 2020 17:14:40.649 * DB saved on disk
1:M 18 Jul 2020 17:14:40.649 * Removing the pid file.
1:M 18 Jul 2020 17:14:40.650 # Redis is now ready to exit, bye bye...
1:C 18 Jul 2020 17:15:40.182 # oO0OoO0OoO0Oo Redis is starting oO0OoO0OoO0Oo
1:C 18 Jul 2020 17:15:40.182 # Redis version=6.0.5, bits=64, commit=00000000, modified=0, pid=1, just started
1:C 18 Jul 2020 17:15:40.182 # Configuration loaded
1:M 18 Jul 2020 17:15:40.188 * Node configuration loaded, I'm a0f4e0ad2f06c687e24be6d599fd43446a0c7f2e
                _._                                                  
           _.-``__ ''-._                                             
      _.-``    `.  `_.  ''-._           Redis 6.0.5 (00000000/0) 64 bit
  .-`` .-```.  ```\/    _.,_ ''-._                                   
 (    '      ,       .-`  | `,    )     Running in cluster mode
 |`-._`-...-` __...-.``-._|'` _.-'|     Port: 6379
 |    `-._   `._    /     _.-'    |     PID: 1
  `-._    `-._  `-./  _.-'    _.-'                                   
 |`-._`-._    `-.__.-'    _.-'_.-'|                                  
 |    `-._`-._        _.-'_.-'    |           http://redis.io        
  `-._    `-._`-.__.-'_.-'    _.-'                                   
 |`-._`-._    `-.__.-'    _.-'_.-'|                                  
 |    `-._`-._        _.-'_.-'    |                                  
  `-._    `-._`-.__.-'_.-'    _.-'                                   
      `-._    `-.__.-'    _.-'                                       
          `-._        _.-'                                           
              `-.__.-'                                               

1:M 18 Jul 2020 17:15:40.189 # WARNING: The TCP backlog setting of 511 cannot be enforced because /proc/sys/net/core/somaxconn is set to the lower value of 128.
1:M 18 Jul 2020 17:15:40.189 # Server initialized
1:M 18 Jul 2020 17:15:40.189 # WARNING overcommit_memory is set to 0! Background save may fail under low memory condition. To fix this issue add 'vm.overcommit_memory = 1' to /etc/sysctl.conf and then reboot or run the command 'sysctl vm.overcommit_memory=1' for this to take effect.
1:M 18 Jul 2020 17:15:40.189 # WARNING you have Transparent Huge Pages (THP) support enabled in your kernel. This will create latency and memory usage issues with Redis. To fix this issue run the command 'echo never > /sys/kernel/mm/transparent_hugepage/enabled' as root, and add it to your /etc/rc.local in order to retain the setting after a reboot. Redis must be restarted after THP is disabled.
1:M 18 Jul 2020 17:15:40.189 * Loading RDB produced by version 6.0.5
1:M 18 Jul 2020 17:15:40.189 * RDB age 60 seconds
1:M 18 Jul 2020 17:15:40.189 * RDB memory usage when created 1.39 Mb
1:M 18 Jul 2020 17:15:40.189 * DB loaded from disk: 0.000 seconds
1:M 18 Jul 2020 17:15:40.190 * Ready to accept connections
1:signal-handler (1595092542) Received SIGTERM scheduling shutdown...
1:M 18 Jul 2020 17:15:42.212 # User requested shutdown...
1:M 18 Jul 2020 17:15:42.212 * Saving the final RDB snapshot before exiting.
1:M 18 Jul 2020 17:15:42.215 * DB saved on disk
1:M 18 Jul 2020 17:15:42.216 * Removing the pid file.
1:M 18 Jul 2020 17:15:42.216 # Redis is now ready to exit, bye bye...
1:C 18 Jul 2020 17:15:56.229 # oO0OoO0OoO0Oo Redis is starting oO0OoO0OoO0Oo
1:C 18 Jul 2020 17:15:56.229 # Redis version=6.0.5, bits=64, commit=00000000, modified=0, pid=1, just started
1:C 18 Jul 2020 17:15:56.229 # Configuration loaded
1:M 18 Jul 2020 17:15:56.232 * Node configuration loaded, I'm a0f4e0ad2f06c687e24be6d599fd43446a0c7f2e
                _._                                                  
           _.-``__ ''-._                                             
      _.-``    `.  `_.  ''-._           Redis 6.0.5 (00000000/0) 64 bit
  .-`` .-```.  ```\/    _.,_ ''-._                                   
 (    '      ,       .-`  | `,    )     Running in cluster mode
 |`-._`-...-` __...-.``-._|'` _.-'|     Port: 6379
 |    `-._   `._    /     _.-'    |     PID: 1
  `-._    `-._  `-./  _.-'    _.-'                                   
 |`-._`-._    `-.__.-'    _.-'_.-'|                                  
 |    `-._`-._        _.-'_.-'    |           http://redis.io        
  `-._    `-._`-.__.-'_.-'    _.-'                                   
 |`-._`-._    `-.__.-'    _.-'_.-'|                                  
 |    `-._`-._        _.-'_.-'    |                                  
  `-._    `-._`-.__.-'_.-'    _.-'                                   
      `-._    `-.__.-'    _.-'                                       
          `-._        _.-'                                           
              `-.__.-'                                               

1:M 18 Jul 2020 17:15:56.233 # WARNING: The TCP backlog setting of 511 cannot be enforced because /proc/sys/net/core/somaxconn is set to the lower value of 128.
1:M 18 Jul 2020 17:15:56.233 # Server initialized
1:M 18 Jul 2020 17:15:56.233 # WARNING overcommit_memory is set to 0! Background save may fail under low memory condition. To fix this issue add 'vm.overcommit_memory = 1' to /etc/sysctl.conf and then reboot or run the command 'sysctl vm.overcommit_memory=1' for this to take effect.
1:M 18 Jul 2020 17:15:56.233 # WARNING you have Transparent Huge Pages (THP) support enabled in your kernel. This will create latency and memory usage issues with Redis. To fix this issue run the command 'echo never > /sys/kernel/mm/transparent_hugepage/enabled' as root, and add it to your /etc/rc.local in order to retain the setting after a reboot. Redis must be restarted after THP is disabled.
1:M 18 Jul 2020 17:15:56.234 * Loading RDB produced by version 6.0.5
1:M 18 Jul 2020 17:15:56.234 * RDB age 14 seconds
1:M 18 Jul 2020 17:15:56.234 * RDB memory usage when created 1.39 Mb
1:M 18 Jul 2020 17:15:56.234 * DB loaded from disk: 0.000 seconds
1:M 18 Jul 2020 17:15:56.234 * Ready to accept connections
1:signal-handler (1595092574) Received SIGTERM scheduling shutdown...
1:M 18 Jul 2020 17:16:14.788 # User requested shutdown...
1:M 18 Jul 2020 17:16:14.789 * Saving the final RDB snapshot before exiting.
1:M 18 Jul 2020 17:16:14.797 * DB saved on disk
1:M 18 Jul 2020 17:16:14.797 * Removing the pid file.
1:M 18 Jul 2020 17:16:14.797 # Redis is now ready to exit, bye bye...
1:C 18 Jul 2020 17:16:30.783 # oO0OoO0OoO0Oo Redis is starting oO0OoO0OoO0Oo
1:C 18 Jul 2020 17:16:30.783 # Redis version=6.0.5, bits=64, commit=00000000, modified=0, pid=1, just started
1:C 18 Jul 2020 17:16:30.783 # Configuration loaded
1:M 18 Jul 2020 17:16:30.785 * Node configuration loaded, I'm a0f4e0ad2f06c687e24be6d599fd43446a0c7f2e
                _._                                                  
           _.-``__ ''-._                                             
      _.-``    `.  `_.  ''-._           Redis 6.0.5 (00000000/0) 64 bit
  .-`` .-```.  ```\/    _.,_ ''-._                                   
 (    '      ,       .-`  | `,    )     Running in cluster mode
 |`-._`-...-` __...-.``-._|'` _.-'|     Port: 6379
 |    `-._   `._    /     _.-'    |     PID: 1
  `-._    `-._  `-./  _.-'    _.-'                                   
 |`-._`-._    `-.__.-'    _.-'_.-'|                                  
 |    `-._`-._        _.-'_.-'    |           http://redis.io        
  `-._    `-._`-.__.-'_.-'    _.-'                                   
 |`-._`-._    `-.__.-'    _.-'_.-'|                                  
 |    `-._`-._        _.-'_.-'    |                                  
  `-._    `-._`-.__.-'_.-'    _.-'                                   
      `-._    `-.__.-'    _.-'                                       
          `-._        _.-'                                           
              `-.__.-'                                               

1:M 18 Jul 2020 17:16:30.787 # WARNING: The TCP backlog setting of 511 cannot be enforced because /proc/sys/net/core/somaxconn is set to the lower value of 128.
1:M 18 Jul 2020 17:16:30.787 # Server initialized
1:M 18 Jul 2020 17:16:30.787 # WARNING overcommit_memory is set to 0! Background save may fail under low memory condition. To fix this issue add 'vm.overcommit_memory = 1' to /etc/sysctl.conf and then reboot or run the command 'sysctl vm.overcommit_memory=1' for this to take effect.
1:M 18 Jul 2020 17:16:30.787 # WARNING you have Transparent Huge Pages (THP) support enabled in your kernel. This will create latency and memory usage issues with Redis. To fix this issue run the command 'echo never > /sys/kernel/mm/transparent_hugepage/enabled' as root, and add it to your /etc/rc.local in order to retain the setting after a reboot. Redis must be restarted after THP is disabled.
1:M 18 Jul 2020 17:16:30.787 * Loading RDB produced by version 6.0.5
1:M 18 Jul 2020 17:16:30.787 * RDB age 16 seconds
1:M 18 Jul 2020 17:16:30.787 * RDB memory usage when created 1.39 Mb
1:M 18 Jul 2020 17:16:30.787 * DB loaded from disk: 0.000 seconds
1:M 18 Jul 2020 17:16:30.787 * Ready to accept connections
1:signal-handler (1595092650) Received SIGTERM scheduling shutdown...
1:M 18 Jul 2020 17:17:30.391 # User requested shutdown...
1:M 18 Jul 2020 17:17:30.391 * Saving the final RDB snapshot before exiting.
1:M 18 Jul 2020 17:17:30.399 * DB saved on disk
1:M 18 Jul 2020 17:17:30.399 * Removing the pid file.
1:M 18 Jul 2020 17:17:30.399 # Redis is now ready to exit, bye bye...
1:C 18 Jul 2020 17:18:41.486 # oO0OoO0OoO0Oo Redis is starting oO0OoO0OoO0Oo
1:C 18 Jul 2020 17:18:41.486 # Redis version=6.0.5, bits=64, commit=00000000, modified=0, pid=1, just started
1:C 18 Jul 2020 17:18:41.486 # Configuration loaded
1:M 18 Jul 2020 17:18:41.494 * Node configuration loaded, I'm a0f4e0ad2f06c687e24be6d599fd43446a0c7f2e
                _._                                                  
           _.-``__ ''-._                                             
      _.-``    `.  `_.  ''-._           Redis 6.0.5 (00000000/0) 64 bit
  .-`` .-```.  ```\/    _.,_ ''-._                                   
 (    '      ,       .-`  | `,    )     Running in cluster mode
 |`-._`-...-` __...-.``-._|'` _.-'|     Port: 6379
 |    `-._   `._    /     _.-'    |     PID: 1
  `-._    `-._  `-./  _.-'    _.-'                                   
 |`-._`-._    `-.__.-'    _.-'_.-'|                                  
 |    `-._`-._        _.-'_.-'    |           http://redis.io        
  `-._    `-._`-.__.-'_.-'    _.-'                                   
 |`-._`-._    `-.__.-'    _.-'_.-'|                                  
 |    `-._`-._        _.-'_.-'    |                                  
  `-._    `-._`-.__.-'_.-'    _.-'                                   
      `-._    `-.__.-'    _.-'                                       
          `-._        _.-'                                           
              `-.__.-'                                               

1:M 18 Jul 2020 17:18:41.495 # WARNING: The TCP backlog setting of 511 cannot be enforced because /proc/sys/net/core/somaxconn is set to the lower value of 128.
1:M 18 Jul 2020 17:18:41.495 # Server initialized
1:M 18 Jul 2020 17:18:41.495 # WARNING overcommit_memory is set to 0! Background save may fail under low memory condition. To fix this issue add 'vm.overcommit_memory = 1' to /etc/sysctl.conf and then reboot or run the command 'sysctl vm.overcommit_memory=1' for this to take effect.
1:M 18 Jul 2020 17:18:41.495 # WARNING you have Transparent Huge Pages (THP) support enabled in your kernel. This will create latency and memory usage issues with Redis. To fix this issue run the command 'echo never > /sys/kernel/mm/transparent_hugepage/enabled' as root, and add it to your /etc/rc.local in order to retain the setting after a reboot. Redis must be restarted after THP is disabled.
1:M 18 Jul 2020 17:18:41.495 * Loading RDB produced by version 6.0.5
1:M 18 Jul 2020 17:18:41.495 * RDB age 71 seconds
1:M 18 Jul 2020 17:18:41.495 * RDB memory usage when created 1.39 Mb
1:M 18 Jul 2020 17:18:41.495 * DB loaded from disk: 0.000 seconds
1:M 18 Jul 2020 17:18:41.495 * Ready to accept connections
1:signal-handler (1595093129) Received SIGTERM scheduling shutdown...
1:M 18 Jul 2020 17:25:29.384 # User requested shutdown...
1:M 18 Jul 2020 17:25:29.384 * Saving the final RDB snapshot before exiting.
1:M 18 Jul 2020 17:25:29.390 * DB saved on disk
1:M 18 Jul 2020 17:25:29.391 * Removing the pid file.
1:M 18 Jul 2020 17:25:29.391 # Redis is now ready to exit, bye bye...
1:C 18 Jul 2020 17:54:07.297 # oO0OoO0OoO0Oo Redis is starting oO0OoO0OoO0Oo
1:C 18 Jul 2020 17:54:07.297 # Redis version=6.0.5, bits=64, commit=00000000, modified=0, pid=1, just started
1:C 18 Jul 2020 17:54:07.297 # Configuration loaded
1:M 18 Jul 2020 17:54:07.304 # Could not create server TCP listening socket *:6379: bind: Address already in use
1:C 18 Jul 2020 17:56:46.930 # oO0OoO0OoO0Oo Redis is starting oO0OoO0OoO0Oo
1:C 18 Jul 2020 17:56:46.930 # Redis version=6.0.5, bits=64, commit=00000000, modified=0, pid=1, just started
1:C 18 Jul 2020 17:56:46.930 # Configuration loaded
1:M 18 Jul 2020 17:56:46.958 * No cluster configuration found, I'm 159b74c3299e8dd66415c3ef33f00605dc040ac6
                _._                                                  
           _.-``__ ''-._                                             
      _.-``    `.  `_.  ''-._           Redis 6.0.5 (00000000/0) 64 bit
  .-`` .-```.  ```\/    _.,_ ''-._                                   
 (    '      ,       .-`  | `,    )     Running in cluster mode
 |`-._`-...-` __...-.``-._|'` _.-'|     Port: 7003
 |    `-._   `._    /     _.-'    |     PID: 1
  `-._    `-._  `-./  _.-'    _.-'                                   
 |`-._`-._    `-.__.-'    _.-'_.-'|                                  
 |    `-._`-._        _.-'_.-'    |           http://redis.io        
  `-._    `-._`-.__.-'_.-'    _.-'                                   
 |`-._`-._    `-.__.-'    _.-'_.-'|                                  
 |    `-._`-._        _.-'_.-'    |                                  
  `-._    `-._`-.__.-'_.-'    _.-'                                   
      `-._    `-.__.-'    _.-'                                       
          `-._        _.-'                                           
              `-.__.-'                                               

1:M 18 Jul 2020 17:56:46.966 # WARNING: The TCP backlog setting of 511 cannot be enforced because /proc/sys/net/core/somaxconn is set to the lower value of 128.
1:M 18 Jul 2020 17:56:46.966 # Server initialized
1:M 18 Jul 2020 17:56:46.966 # WARNING overcommit_memory is set to 0! Background save may fail under low memory condition. To fix this issue add 'vm.overcommit_memory = 1' to /etc/sysctl.conf and then reboot or run the command 'sysctl vm.overcommit_memory=1' for this to take effect.
1:M 18 Jul 2020 17:56:46.966 # WARNING you have Transparent Huge Pages (THP) support enabled in your kernel. This will create latency and memory usage issues with Redis. To fix this issue run the command 'echo never > /sys/kernel/mm/transparent_hugepage/enabled' as root, and add it to your /etc/rc.local in order to retain the setting after a reboot. Redis must be restarted after THP is disabled.
1:M 18 Jul 2020 17:56:46.967 * Ready to accept connections
1:signal-handler (1595095050) Received SIGTERM scheduling shutdown...
1:M 18 Jul 2020 17:57:30.652 # User requested shutdown...
1:M 18 Jul 2020 17:57:30.652 * Saving the final RDB snapshot before exiting.
1:M 18 Jul 2020 17:57:30.659 * DB saved on disk
1:M 18 Jul 2020 17:57:30.659 * Removing the pid file.
1:M 18 Jul 2020 17:57:30.659 # Redis is now ready to exit, bye bye...
1:C 18 Jul 2020 17:58:24.098 # oO0OoO0OoO0Oo Redis is starting oO0OoO0OoO0Oo
1:C 18 Jul 2020 17:58:24.098 # Redis version=6.0.5, bits=64, commit=00000000, modified=0, pid=1, just started
1:C 18 Jul 2020 17:58:24.098 # Configuration loaded
1:M 18 Jul 2020 17:58:24.099 * Node configuration loaded, I'm 159b74c3299e8dd66415c3ef33f00605dc040ac6
                _._                                                  
           _.-``__ ''-._                                             
      _.-``    `.  `_.  ''-._           Redis 6.0.5 (00000000/0) 64 bit
  .-`` .-```.  ```\/    _.,_ ''-._                                   
 (    '      ,       .-`  | `,    )     Running in cluster mode
 |`-._`-...-` __...-.``-._|'` _.-'|     Port: 7003
 |    `-._   `._    /     _.-'    |     PID: 1
  `-._    `-._  `-./  _.-'    _.-'                                   
 |`-._`-._    `-.__.-'    _.-'_.-'|                                  
 |    `-._`-._        _.-'_.-'    |           http://redis.io        
  `-._    `-._`-.__.-'_.-'    _.-'                                   
 |`-._`-._    `-.__.-'    _.-'_.-'|                                  
 |    `-._`-._        _.-'_.-'    |                                  
  `-._    `-._`-.__.-'_.-'    _.-'                                   
      `-._    `-.__.-'    _.-'                                       
          `-._        _.-'                                           
              `-.__.-'                                               

1:M 18 Jul 2020 17:58:24.102 # WARNING: The TCP backlog setting of 511 cannot be enforced because /proc/sys/net/core/somaxconn is set to the lower value of 128.
1:M 18 Jul 2020 17:58:24.102 # Server initialized
1:M 18 Jul 2020 17:58:24.102 # WARNING overcommit_memory is set to 0! Background save may fail under low memory condition. To fix this issue add 'vm.overcommit_memory = 1' to /etc/sysctl.conf and then reboot or run the command 'sysctl vm.overcommit_memory=1' for this to take effect.
1:M 18 Jul 2020 17:58:24.102 # WARNING you have Transparent Huge Pages (THP) support enabled in your kernel. This will create latency and memory usage issues with Redis. To fix this issue run the command 'echo never > /sys/kernel/mm/transparent_hugepage/enabled' as root, and add it to your /etc/rc.local in order to retain the setting after a reboot. Redis must be restarted after THP is disabled.
1:M 18 Jul 2020 17:58:24.102 * Loading RDB produced by version 6.0.5
1:M 18 Jul 2020 17:58:24.102 * RDB age 54 seconds
1:M 18 Jul 2020 17:58:24.102 * RDB memory usage when created 1.39 Mb
1:M 18 Jul 2020 17:58:24.102 * DB loaded from disk: 0.000 seconds
1:M 18 Jul 2020 17:58:24.102 * Ready to accept connections
1:signal-handler (1595095161) Received SIGTERM scheduling shutdown...
1:M 18 Jul 2020 17:59:21.245 # User requested shutdown...
1:M 18 Jul 2020 17:59:21.245 * Saving the final RDB snapshot before exiting.
1:M 18 Jul 2020 17:59:21.248 * DB saved on disk
1:M 18 Jul 2020 17:59:21.248 * Removing the pid file.
1:M 18 Jul 2020 17:59:21.248 # Redis is now ready to exit, bye bye...
1:C 18 Jul 2020 18:00:43.094 # oO0OoO0OoO0Oo Redis is starting oO0OoO0OoO0Oo
1:C 18 Jul 2020 18:00:43.095 # Redis version=6.0.5, bits=64, commit=00000000, modified=0, pid=1, just started
1:C 18 Jul 2020 18:00:43.095 # Configuration loaded
1:M 18 Jul 2020 18:00:43.113 * Node configuration loaded, I'm 159b74c3299e8dd66415c3ef33f00605dc040ac6
                _._                                                  
           _.-``__ ''-._                                             
      _.-``    `.  `_.  ''-._           Redis 6.0.5 (00000000/0) 64 bit
  .-`` .-```.  ```\/    _.,_ ''-._                                   
 (    '      ,       .-`  | `,    )     Running in cluster mode
 |`-._`-...-` __...-.``-._|'` _.-'|     Port: 7003
 |    `-._   `._    /     _.-'    |     PID: 1
  `-._    `-._  `-./  _.-'    _.-'                                   
 |`-._`-._    `-.__.-'    _.-'_.-'|                                  
 |    `-._`-._        _.-'_.-'    |           http://redis.io        
  `-._    `-._`-.__.-'_.-'    _.-'                                   
 |`-._`-._    `-.__.-'    _.-'_.-'|                                  
 |    `-._`-._        _.-'_.-'    |                                  
  `-._    `-._`-.__.-'_.-'    _.-'                                   
      `-._    `-.__.-'    _.-'                                       
          `-._        _.-'                                           
              `-.__.-'                                               

1:M 18 Jul 2020 18:00:43.114 # WARNING: The TCP backlog setting of 511 cannot be enforced because /proc/sys/net/core/somaxconn is set to the lower value of 128.
1:M 18 Jul 2020 18:00:43.114 # Server initialized
1:M 18 Jul 2020 18:00:43.114 # WARNING overcommit_memory is set to 0! Background save may fail under low memory condition. To fix this issue add 'vm.overcommit_memory = 1' to /etc/sysctl.conf and then reboot or run the command 'sysctl vm.overcommit_memory=1' for this to take effect.
1:M 18 Jul 2020 18:00:43.114 # WARNING you have Transparent Huge Pages (THP) support enabled in your kernel. This will create latency and memory usage issues with Redis. To fix this issue run the command 'echo never > /sys/kernel/mm/transparent_hugepage/enabled' as root, and add it to your /etc/rc.local in order to retain the setting after a reboot. Redis must be restarted after THP is disabled.
1:M 18 Jul 2020 18:00:43.115 * Loading RDB produced by version 6.0.5
1:M 18 Jul 2020 18:00:43.115 * RDB age 82 seconds
1:M 18 Jul 2020 18:00:43.115 * RDB memory usage when created 1.39 Mb
1:M 18 Jul 2020 18:00:43.115 * DB loaded from disk: 0.000 seconds
1:M 18 Jul 2020 18:00:43.115 * Ready to accept connections
1:signal-handler (1595095272) Received SIGTERM scheduling shutdown...
1:M 18 Jul 2020 18:01:12.202 # User requested shutdown...
1:M 18 Jul 2020 18:01:12.202 * Saving the final RDB snapshot before exiting.
1:M 18 Jul 2020 18:01:12.204 * DB saved on disk
1:M 18 Jul 2020 18:01:12.204 * Removing the pid file.
1:M 18 Jul 2020 18:01:12.204 # Redis is now ready to exit, bye bye...
1:C 18 Jul 2020 18:01:36.288 # oO0OoO0OoO0Oo Redis is starting oO0OoO0OoO0Oo
1:C 18 Jul 2020 18:01:36.288 # Redis version=6.0.5, bits=64, commit=00000000, modified=0, pid=1, just started
1:C 18 Jul 2020 18:01:36.289 # Configuration loaded
1:M 18 Jul 2020 18:01:36.322 * Node configuration loaded, I'm 159b74c3299e8dd66415c3ef33f00605dc040ac6
                _._                                                  
           _.-``__ ''-._                                             
      _.-``    `.  `_.  ''-._           Redis 6.0.5 (00000000/0) 64 bit
  .-`` .-```.  ```\/    _.,_ ''-._                                   
 (    '      ,       .-`  | `,    )     Running in cluster mode
 |`-._`-...-` __...-.``-._|'` _.-'|     Port: 7003
 |    `-._   `._    /     _.-'    |     PID: 1
  `-._    `-._  `-./  _.-'    _.-'                                   
 |`-._`-._    `-.__.-'    _.-'_.-'|                                  
 |    `-._`-._        _.-'_.-'    |           http://redis.io        
  `-._    `-._`-.__.-'_.-'    _.-'                                   
 |`-._`-._    `-.__.-'    _.-'_.-'|                                  
 |    `-._`-._        _.-'_.-'    |                                  
  `-._    `-._`-.__.-'_.-'    _.-'                                   
      `-._    `-.__.-'    _.-'                                       
          `-._        _.-'                                           
              `-.__.-'                                               

1:M 18 Jul 2020 18:01:36.323 # WARNING: The TCP backlog setting of 511 cannot be enforced because /proc/sys/net/core/somaxconn is set to the lower value of 128.
1:M 18 Jul 2020 18:01:36.323 # Server initialized
1:M 18 Jul 2020 18:01:36.323 # WARNING overcommit_memory is set to 0! Background save may fail under low memory condition. To fix this issue add 'vm.overcommit_memory = 1' to /etc/sysctl.conf and then reboot or run the command 'sysctl vm.overcommit_memory=1' for this to take effect.
1:M 18 Jul 2020 18:01:36.323 # WARNING you have Transparent Huge Pages (THP) support enabled in your kernel. This will create latency and memory usage issues with Redis. To fix this issue run the command 'echo never > /sys/kernel/mm/transparent_hugepage/enabled' as root, and add it to your /etc/rc.local in order to retain the setting after a reboot. Redis must be restarted after THP is disabled.
1:M 18 Jul 2020 18:01:36.323 * Loading RDB produced by version 6.0.5
1:M 18 Jul 2020 18:01:36.323 * RDB age 24 seconds
1:M 18 Jul 2020 18:01:36.323 * RDB memory usage when created 1.39 Mb
1:M 18 Jul 2020 18:01:36.323 * DB loaded from disk: 0.000 seconds
1:M 18 Jul 2020 18:01:36.323 * Ready to accept connections
1:signal-handler (1595095438) Received SIGTERM scheduling shutdown...
1:M 18 Jul 2020 18:03:58.192 # User requested shutdown...
1:M 18 Jul 2020 18:03:58.192 * Saving the final RDB snapshot before exiting.
1:M 18 Jul 2020 18:03:58.196 * DB saved on disk
1:M 18 Jul 2020 18:03:58.196 * Removing the pid file.
1:M 18 Jul 2020 18:03:58.196 # Redis is now ready to exit, bye bye...
1:C 18 Jul 2020 18:04:14.508 # oO0OoO0OoO0Oo Redis is starting oO0OoO0OoO0Oo
1:C 18 Jul 2020 18:04:14.508 # Redis version=6.0.5, bits=64, commit=00000000, modified=0, pid=1, just started
1:C 18 Jul 2020 18:04:14.508 # Configuration loaded
1:M 18 Jul 2020 18:04:14.510 * Node configuration loaded, I'm 159b74c3299e8dd66415c3ef33f00605dc040ac6
                _._                                                  
           _.-``__ ''-._                                             
      _.-``    `.  `_.  ''-._           Redis 6.0.5 (00000000/0) 64 bit
  .-`` .-```.  ```\/    _.,_ ''-._                                   
 (    '      ,       .-`  | `,    )     Running in cluster mode
 |`-._`-...-` __...-.``-._|'` _.-'|     Port: 7003
 |    `-._   `._    /     _.-'    |     PID: 1
  `-._    `-._  `-./  _.-'    _.-'                                   
 |`-._`-._    `-.__.-'    _.-'_.-'|                                  
 |    `-._`-._        _.-'_.-'    |           http://redis.io        
  `-._    `-._`-.__.-'_.-'    _.-'                                   
 |`-._`-._    `-.__.-'    _.-'_.-'|                                  
 |    `-._`-._        _.-'_.-'    |                                  
  `-._    `-._`-.__.-'_.-'    _.-'                                   
      `-._    `-.__.-'    _.-'                                       
          `-._        _.-'                                           
              `-.__.-'                                               

1:M 18 Jul 2020 18:04:14.511 # WARNING: The TCP backlog setting of 511 cannot be enforced because /proc/sys/net/core/somaxconn is set to the lower value of 128.
1:M 18 Jul 2020 18:04:14.511 # Server initialized
1:M 18 Jul 2020 18:04:14.511 # WARNING overcommit_memory is set to 0! Background save may fail under low memory condition. To fix this issue add 'vm.overcommit_memory = 1' to /etc/sysctl.conf and then reboot or run the command 'sysctl vm.overcommit_memory=1' for this to take effect.
1:M 18 Jul 2020 18:04:14.511 # WARNING you have Transparent Huge Pages (THP) support enabled in your kernel. This will create latency and memory usage issues with Redis. To fix this issue run the command 'echo never > /sys/kernel/mm/transparent_hugepage/enabled' as root, and add it to your /etc/rc.local in order to retain the setting after a reboot. Redis must be restarted after THP is disabled.
1:M 18 Jul 2020 18:04:14.513 * Loading RDB produced by version 6.0.5
1:M 18 Jul 2020 18:04:14.513 * RDB age 16 seconds
1:M 18 Jul 2020 18:04:14.513 * RDB memory usage when created 1.39 Mb
1:M 18 Jul 2020 18:04:14.513 * DB loaded from disk: 0.000 seconds
1:M 18 Jul 2020 18:04:14.513 * Ready to accept connections
1:signal-handler (1595096176) Received SIGTERM scheduling shutdown...
1:M 18 Jul 2020 18:16:16.380 # User requested shutdown...
1:M 18 Jul 2020 18:16:16.380 * Saving the final RDB snapshot before exiting.
1:M 18 Jul 2020 18:16:16.384 * DB saved on disk
1:M 18 Jul 2020 18:16:16.384 * Removing the pid file.
1:M 18 Jul 2020 18:16:16.384 # Redis is now ready to exit, bye bye...
1:C 18 Jul 2020 18:19:45.244 # oO0OoO0OoO0Oo Redis is starting oO0OoO0OoO0Oo
1:C 18 Jul 2020 18:19:45.245 # Redis version=6.0.5, bits=64, commit=00000000, modified=0, pid=1, just started
1:C 18 Jul 2020 18:19:45.245 # Configuration loaded
1:M 18 Jul 2020 18:19:45.262 * Node configuration loaded, I'm 159b74c3299e8dd66415c3ef33f00605dc040ac6
                _._                                                  
           _.-``__ ''-._                                             
      _.-``    `.  `_.  ''-._           Redis 6.0.5 (00000000/0) 64 bit
  .-`` .-```.  ```\/    _.,_ ''-._                                   
 (    '      ,       .-`  | `,    )     Running in cluster mode
 |`-._`-...-` __...-.``-._|'` _.-'|     Port: 7003
 |    `-._   `._    /     _.-'    |     PID: 1
  `-._    `-._  `-./  _.-'    _.-'                                   
 |`-._`-._    `-.__.-'    _.-'_.-'|                                  
 |    `-._`-._        _.-'_.-'    |           http://redis.io        
  `-._    `-._`-.__.-'_.-'    _.-'                                   
 |`-._`-._    `-.__.-'    _.-'_.-'|                                  
 |    `-._`-._        _.-'_.-'    |                                  
  `-._    `-._`-.__.-'_.-'    _.-'                                   
      `-._    `-.__.-'    _.-'                                       
          `-._        _.-'                                           
              `-.__.-'                                               

1:M 18 Jul 2020 18:19:45.266 # WARNING: The TCP backlog setting of 511 cannot be enforced because /proc/sys/net/core/somaxconn is set to the lower value of 128.
1:M 18 Jul 2020 18:19:45.266 # Server initialized
1:M 18 Jul 2020 18:19:45.266 # WARNING overcommit_memory is set to 0! Background save may fail under low memory condition. To fix this issue add 'vm.overcommit_memory = 1' to /etc/sysctl.conf and then reboot or run the command 'sysctl vm.overcommit_memory=1' for this to take effect.
1:M 18 Jul 2020 18:19:45.267 # WARNING you have Transparent Huge Pages (THP) support enabled in your kernel. This will create latency and memory usage issues with Redis. To fix this issue run the command 'echo never > /sys/kernel/mm/transparent_hugepage/enabled' as root, and add it to your /etc/rc.local in order to retain the setting after a reboot. Redis must be restarted after THP is disabled.
1:M 18 Jul 2020 18:19:45.268 * Loading RDB produced by version 6.0.5
1:M 18 Jul 2020 18:19:45.268 * RDB age 209 seconds
1:M 18 Jul 2020 18:19:45.268 * RDB memory usage when created 1.45 Mb
1:M 18 Jul 2020 18:19:45.268 * DB loaded from disk: 0.000 seconds
1:M 18 Jul 2020 18:19:45.268 * Ready to accept connections
1:signal-handler (1595096576) Received SIGTERM scheduling shutdown...
1:M 18 Jul 2020 18:22:56.760 # User requested shutdown...
1:M 18 Jul 2020 18:22:56.760 * Saving the final RDB snapshot before exiting.
1:M 18 Jul 2020 18:22:56.764 * DB saved on disk
1:M 18 Jul 2020 18:22:56.764 * Removing the pid file.
1:M 18 Jul 2020 18:22:56.765 # Redis is now ready to exit, bye bye...
1:C 18 Jul 2020 18:23:06.195 # oO0OoO0OoO0Oo Redis is starting oO0OoO0OoO0Oo
1:C 18 Jul 2020 18:23:06.196 # Redis version=6.0.5, bits=64, commit=00000000, modified=0, pid=1, just started
1:C 18 Jul 2020 18:23:06.196 # Configuration loaded
1:M 18 Jul 2020 18:23:06.201 * Node configuration loaded, I'm 159b74c3299e8dd66415c3ef33f00605dc040ac6
                _._                                                  
           _.-``__ ''-._                                             
      _.-``    `.  `_.  ''-._           Redis 6.0.5 (00000000/0) 64 bit
  .-`` .-```.  ```\/    _.,_ ''-._                                   
 (    '      ,       .-`  | `,    )     Running in cluster mode
 |`-._`-...-` __...-.``-._|'` _.-'|     Port: 7003
 |    `-._   `._    /     _.-'    |     PID: 1
  `-._    `-._  `-./  _.-'    _.-'                                   
 |`-._`-._    `-.__.-'    _.-'_.-'|                                  
 |    `-._`-._        _.-'_.-'    |           http://redis.io        
  `-._    `-._`-.__.-'_.-'    _.-'                                   
 |`-._`-._    `-.__.-'    _.-'_.-'|                                  
 |    `-._`-._        _.-'_.-'    |                                  
  `-._    `-._`-.__.-'_.-'    _.-'                                   
      `-._    `-.__.-'    _.-'                                       
          `-._        _.-'                                           
              `-.__.-'                                               

1:M 18 Jul 2020 18:23:06.202 # WARNING: The TCP backlog setting of 511 cannot be enforced because /proc/sys/net/core/somaxconn is set to the lower value of 128.
1:M 18 Jul 2020 18:23:06.202 # Server initialized
1:M 18 Jul 2020 18:23:06.203 # WARNING overcommit_memory is set to 0! Background save may fail under low memory condition. To fix this issue add 'vm.overcommit_memory = 1' to /etc/sysctl.conf and then reboot or run the command 'sysctl vm.overcommit_memory=1' for this to take effect.
1:M 18 Jul 2020 18:23:06.203 # WARNING you have Transparent Huge Pages (THP) support enabled in your kernel. This will create latency and memory usage issues with Redis. To fix this issue run the command 'echo never > /sys/kernel/mm/transparent_hugepage/enabled' as root, and add it to your /etc/rc.local in order to retain the setting after a reboot. Redis must be restarted after THP is disabled.
1:M 18 Jul 2020 18:23:06.203 * Loading RDB produced by version 6.0.5
1:M 18 Jul 2020 18:23:06.203 * RDB age 10 seconds
1:M 18 Jul 2020 18:23:06.203 * RDB memory usage when created 1.46 Mb
1:M 18 Jul 2020 18:23:06.203 * DB loaded from disk: 0.000 seconds
1:M 18 Jul 2020 18:23:06.203 * Ready to accept connections
1:signal-handler (1595096649) Received SIGTERM scheduling shutdown...
1:M 18 Jul 2020 18:24:09.315 # User requested shutdown...
1:M 18 Jul 2020 18:24:09.315 * Saving the final RDB snapshot before exiting.
1:M 18 Jul 2020 18:24:09.320 * DB saved on disk
1:M 18 Jul 2020 18:24:09.320 * Removing the pid file.
1:M 18 Jul 2020 18:24:09.320 # Redis is now ready to exit, bye bye...
1:C 18 Jul 2020 18:24:17.085 # oO0OoO0OoO0Oo Redis is starting oO0OoO0OoO0Oo
1:C 18 Jul 2020 18:24:17.085 # Redis version=6.0.5, bits=64, commit=00000000, modified=0, pid=1, just started
1:C 18 Jul 2020 18:24:17.085 # Configuration loaded
1:M 18 Jul 2020 18:24:17.087 * Node configuration loaded, I'm 159b74c3299e8dd66415c3ef33f00605dc040ac6
                _._                                                  
           _.-``__ ''-._                                             
      _.-``    `.  `_.  ''-._           Redis 6.0.5 (00000000/0) 64 bit
  .-`` .-```.  ```\/    _.,_ ''-._                                   
 (    '      ,       .-`  | `,    )     Running in cluster mode
 |`-._`-...-` __...-.``-._|'` _.-'|     Port: 7003
 |    `-._   `._    /     _.-'    |     PID: 1
  `-._    `-._  `-./  _.-'    _.-'                                   
 |`-._`-._    `-.__.-'    _.-'_.-'|                                  
 |    `-._`-._        _.-'_.-'    |           http://redis.io        
  `-._    `-._`-.__.-'_.-'    _.-'                                   
 |`-._`-._    `-.__.-'    _.-'_.-'|                                  
 |    `-._`-._        _.-'_.-'    |                                  
  `-._    `-._`-.__.-'_.-'    _.-'                                   
      `-._    `-.__.-'    _.-'                                       
          `-._        _.-'                                           
              `-.__.-'                                               

1:M 18 Jul 2020 18:24:17.088 # WARNING: The TCP backlog setting of 511 cannot be enforced because /proc/sys/net/core/somaxconn is set to the lower value of 128.
1:M 18 Jul 2020 18:24:17.088 # Server initialized
1:M 18 Jul 2020 18:24:17.088 # WARNING overcommit_memory is set to 0! Background save may fail under low memory condition. To fix this issue add 'vm.overcommit_memory = 1' to /etc/sysctl.conf and then reboot or run the command 'sysctl vm.overcommit_memory=1' for this to take effect.
1:M 18 Jul 2020 18:24:17.088 # WARNING you have Transparent Huge Pages (THP) support enabled in your kernel. This will create latency and memory usage issues with Redis. To fix this issue run the command 'echo never > /sys/kernel/mm/transparent_hugepage/enabled' as root, and add it to your /etc/rc.local in order to retain the setting after a reboot. Redis must be restarted after THP is disabled.
1:M 18 Jul 2020 18:24:17.089 * Loading RDB produced by version 6.0.5
1:M 18 Jul 2020 18:24:17.089 * RDB age 8 seconds
1:M 18 Jul 2020 18:24:17.089 * RDB memory usage when created 1.45 Mb
1:M 18 Jul 2020 18:24:17.089 * DB loaded from disk: 0.000 seconds
1:M 18 Jul 2020 18:24:17.089 * Ready to accept connections
1:signal-handler (1595096818) Received SIGTERM scheduling shutdown...
1:M 18 Jul 2020 18:26:58.833 # User requested shutdown...
1:M 18 Jul 2020 18:26:58.834 * Saving the final RDB snapshot before exiting.
1:M 18 Jul 2020 18:26:58.837 * DB saved on disk
1:M 18 Jul 2020 18:26:58.837 * Removing the pid file.
1:M 18 Jul 2020 18:26:58.837 # Redis is now ready to exit, bye bye...
1:C 18 Jul 2020 18:27:04.624 # oO0OoO0OoO0Oo Redis is starting oO0OoO0OoO0Oo
1:C 18 Jul 2020 18:27:04.624 # Redis version=6.0.5, bits=64, commit=00000000, modified=0, pid=1, just started
1:C 18 Jul 2020 18:27:04.624 # Configuration loaded
1:M 18 Jul 2020 18:27:04.635 * Node configuration loaded, I'm 159b74c3299e8dd66415c3ef33f00605dc040ac6
                _._                                                  
           _.-``__ ''-._                                             
      _.-``    `.  `_.  ''-._           Redis 6.0.5 (00000000/0) 64 bit
  .-`` .-```.  ```\/    _.,_ ''-._                                   
 (    '      ,       .-`  | `,    )     Running in cluster mode
 |`-._`-...-` __...-.``-._|'` _.-'|     Port: 7003
 |    `-._   `._    /     _.-'    |     PID: 1
  `-._    `-._  `-./  _.-'    _.-'                                   
 |`-._`-._    `-.__.-'    _.-'_.-'|                                  
 |    `-._`-._        _.-'_.-'    |           http://redis.io        
  `-._    `-._`-.__.-'_.-'    _.-'                                   
 |`-._`-._    `-.__.-'    _.-'_.-'|                                  
 |    `-._`-._        _.-'_.-'    |                                  
  `-._    `-._`-.__.-'_.-'    _.-'                                   
      `-._    `-.__.-'    _.-'                                       
          `-._        _.-'                                           
              `-.__.-'                                               

1:M 18 Jul 2020 18:27:04.635 # WARNING: The TCP backlog setting of 511 cannot be enforced because /proc/sys/net/core/somaxconn is set to the lower value of 128.
1:M 18 Jul 2020 18:27:04.635 # Server initialized
1:M 18 Jul 2020 18:27:04.635 # WARNING overcommit_memory is set to 0! Background save may fail under low memory condition. To fix this issue add 'vm.overcommit_memory = 1' to /etc/sysctl.conf and then reboot or run the command 'sysctl vm.overcommit_memory=1' for this to take effect.
1:M 18 Jul 2020 18:27:04.635 # WARNING you have Transparent Huge Pages (THP) support enabled in your kernel. This will create latency and memory usage issues with Redis. To fix this issue run the command 'echo never > /sys/kernel/mm/transparent_hugepage/enabled' as root, and add it to your /etc/rc.local in order to retain the setting after a reboot. Redis must be restarted after THP is disabled.
1:M 18 Jul 2020 18:27:04.636 * Loading RDB produced by version 6.0.5
1:M 18 Jul 2020 18:27:04.636 * RDB age 6 seconds
1:M 18 Jul 2020 18:27:04.636 * RDB memory usage when created 1.43 Mb
1:M 18 Jul 2020 18:27:04.636 * DB loaded from disk: 0.000 seconds
1:M 18 Jul 2020 18:27:04.636 * Ready to accept connections
1:signal-handler (1595096888) Received SIGTERM scheduling shutdown...
1:M 18 Jul 2020 18:28:08.547 # User requested shutdown...
1:M 18 Jul 2020 18:28:08.547 * Saving the final RDB snapshot before exiting.
1:M 18 Jul 2020 18:28:08.551 * DB saved on disk
1:M 18 Jul 2020 18:28:08.551 * Removing the pid file.
1:M 18 Jul 2020 18:28:08.551 # Redis is now ready to exit, bye bye...
1:C 18 Jul 2020 18:28:15.851 # oO0OoO0OoO0Oo Redis is starting oO0OoO0OoO0Oo
1:C 18 Jul 2020 18:28:15.851 # Redis version=6.0.5, bits=64, commit=00000000, modified=0, pid=1, just started
1:C 18 Jul 2020 18:28:15.851 # Configuration loaded
1:M 18 Jul 2020 18:28:15.857 * Node configuration loaded, I'm 159b74c3299e8dd66415c3ef33f00605dc040ac6
                _._                                                  
           _.-``__ ''-._                                             
      _.-``    `.  `_.  ''-._           Redis 6.0.5 (00000000/0) 64 bit
  .-`` .-```.  ```\/    _.,_ ''-._                                   
 (    '      ,       .-`  | `,    )     Running in cluster mode
 |`-._`-...-` __...-.``-._|'` _.-'|     Port: 7003
 |    `-._   `._    /     _.-'    |     PID: 1
  `-._    `-._  `-./  _.-'    _.-'                                   
 |`-._`-._    `-.__.-'    _.-'_.-'|                                  
 |    `-._`-._        _.-'_.-'    |           http://redis.io        
  `-._    `-._`-.__.-'_.-'    _.-'                                   
 |`-._`-._    `-.__.-'    _.-'_.-'|                                  
 |    `-._`-._        _.-'_.-'    |                                  
  `-._    `-._`-.__.-'_.-'    _.-'                                   
      `-._    `-.__.-'    _.-'                                       
          `-._        _.-'                                           
              `-.__.-'                                               

1:M 18 Jul 2020 18:28:15.858 # WARNING: The TCP backlog setting of 511 cannot be enforced because /proc/sys/net/core/somaxconn is set to the lower value of 128.
1:M 18 Jul 2020 18:28:15.858 # Server initialized
1:M 18 Jul 2020 18:28:15.859 # WARNING overcommit_memory is set to 0! Background save may fail under low memory condition. To fix this issue add 'vm.overcommit_memory = 1' to /etc/sysctl.conf and then reboot or run the command 'sysctl vm.overcommit_memory=1' for this to take effect.
1:M 18 Jul 2020 18:28:15.859 # WARNING you have Transparent Huge Pages (THP) support enabled in your kernel. This will create latency and memory usage issues with Redis. To fix this issue run the command 'echo never > /sys/kernel/mm/transparent_hugepage/enabled' as root, and add it to your /etc/rc.local in order to retain the setting after a reboot. Redis must be restarted after THP is disabled.
1:M 18 Jul 2020 18:28:15.879 * Loading RDB produced by version 6.0.5
1:M 18 Jul 2020 18:28:15.879 * RDB age 7 seconds
1:M 18 Jul 2020 18:28:15.879 * RDB memory usage when created 1.44 Mb
1:M 18 Jul 2020 18:28:15.879 * DB loaded from disk: 0.000 seconds
1:M 18 Jul 2020 18:28:15.879 * Ready to accept connections
1:M 18 Jul 2020 18:31:13.481 # Cluster state changed: ok
1:signal-handler (1595097456) Received SIGTERM scheduling shutdown...
1:M 18 Jul 2020 18:37:36.311 # User requested shutdown...
1:M 18 Jul 2020 18:37:36.311 * Saving the final RDB snapshot before exiting.
1:M 18 Jul 2020 18:37:36.313 * DB saved on disk
1:M 18 Jul 2020 18:37:36.313 * Removing the pid file.
1:M 18 Jul 2020 18:37:36.313 # Redis is now ready to exit, bye bye...
1:C 18 Jul 2020 18:38:04.047 # oO0OoO0OoO0Oo Redis is starting oO0OoO0OoO0Oo
1:C 18 Jul 2020 18:38:04.047 # Redis version=6.0.5, bits=64, commit=00000000, modified=0, pid=1, just started
1:C 18 Jul 2020 18:38:04.047 # Configuration loaded
1:M 18 Jul 2020 18:38:04.050 * Node configuration loaded, I'm 159b74c3299e8dd66415c3ef33f00605dc040ac6
                _._                                                  
           _.-``__ ''-._                                             
      _.-``    `.  `_.  ''-._           Redis 6.0.5 (00000000/0) 64 bit
  .-`` .-```.  ```\/    _.,_ ''-._                                   
 (    '      ,       .-`  | `,    )     Running in cluster mode
 |`-._`-...-` __...-.``-._|'` _.-'|     Port: 7003
 |    `-._   `._    /     _.-'    |     PID: 1
  `-._    `-._  `-./  _.-'    _.-'                                   
 |`-._`-._    `-.__.-'    _.-'_.-'|                                  
 |    `-._`-._        _.-'_.-'    |           http://redis.io        
  `-._    `-._`-.__.-'_.-'    _.-'                                   
 |`-._`-._    `-.__.-'    _.-'_.-'|                                  
 |    `-._`-._        _.-'_.-'    |                                  
  `-._    `-._`-.__.-'_.-'    _.-'                                   
      `-._    `-.__.-'    _.-'                                       
          `-._        _.-'                                           
              `-.__.-'                                               

1:M 18 Jul 2020 18:38:04.051 # WARNING: The TCP backlog setting of 511 cannot be enforced because /proc/sys/net/core/somaxconn is set to the lower value of 128.
1:M 18 Jul 2020 18:38:04.051 # Server initialized
1:M 18 Jul 2020 18:38:04.051 # WARNING overcommit_memory is set to 0! Background save may fail under low memory condition. To fix this issue add 'vm.overcommit_memory = 1' to /etc/sysctl.conf and then reboot or run the command 'sysctl vm.overcommit_memory=1' for this to take effect.
1:M 18 Jul 2020 18:38:04.051 # WARNING you have Transparent Huge Pages (THP) support enabled in your kernel. This will create latency and memory usage issues with Redis. To fix this issue run the command 'echo never > /sys/kernel/mm/transparent_hugepage/enabled' as root, and add it to your /etc/rc.local in order to retain the setting after a reboot. Redis must be restarted after THP is disabled.
1:M 18 Jul 2020 18:38:04.052 * Loading RDB produced by version 6.0.5
1:M 18 Jul 2020 18:38:04.052 * RDB age 28 seconds
1:M 18 Jul 2020 18:38:04.053 * RDB memory usage when created 1.42 Mb
1:M 18 Jul 2020 18:38:04.053 * DB loaded from disk: 0.000 seconds
1:M 18 Jul 2020 18:38:04.053 * Ready to accept connections
1:M 18 Jul 2020 18:38:06.082 # Cluster state changed: ok
1:signal-handler (1595097700) Received SIGTERM scheduling shutdown...
1:M 18 Jul 2020 18:41:40.262 # User requested shutdown...
1:M 18 Jul 2020 18:41:40.262 * Saving the final RDB snapshot before exiting.
1:M 18 Jul 2020 18:41:40.271 * DB saved on disk
1:M 18 Jul 2020 18:41:40.272 * Removing the pid file.
1:M 18 Jul 2020 18:41:40.272 # Redis is now ready to exit, bye bye...
1:C 18 Jul 2020 18:44:26.395 # oO0OoO0OoO0Oo Redis is starting oO0OoO0OoO0Oo
1:C 18 Jul 2020 18:44:26.395 # Redis version=6.0.5, bits=64, commit=00000000, modified=0, pid=1, just started
1:C 18 Jul 2020 18:44:26.395 # Configuration loaded
1:M 18 Jul 2020 18:44:26.397 * Node configuration loaded, I'm 159b74c3299e8dd66415c3ef33f00605dc040ac6
                _._                                                  
           _.-``__ ''-._                                             
      _.-``    `.  `_.  ''-._           Redis 6.0.5 (00000000/0) 64 bit
  .-`` .-```.  ```\/    _.,_ ''-._                                   
 (    '      ,       .-`  | `,    )     Running in cluster mode
 |`-._`-...-` __...-.``-._|'` _.-'|     Port: 7003
 |    `-._   `._    /     _.-'    |     PID: 1
  `-._    `-._  `-./  _.-'    _.-'                                   
 |`-._`-._    `-.__.-'    _.-'_.-'|                                  
 |    `-._`-._        _.-'_.-'    |           http://redis.io        
  `-._    `-._`-.__.-'_.-'    _.-'                                   
 |`-._`-._    `-.__.-'    _.-'_.-'|                                  
 |    `-._`-._        _.-'_.-'    |                                  
  `-._    `-._`-.__.-'_.-'    _.-'                                   
      `-._    `-.__.-'    _.-'                                       
          `-._        _.-'                                           
              `-.__.-'                                               

1:M 18 Jul 2020 18:44:26.398 # WARNING: The TCP backlog setting of 511 cannot be enforced because /proc/sys/net/core/somaxconn is set to the lower value of 128.
1:M 18 Jul 2020 18:44:26.398 # Server initialized
1:M 18 Jul 2020 18:44:26.398 # WARNING overcommit_memory is set to 0! Background save may fail under low memory condition. To fix this issue add 'vm.overcommit_memory = 1' to /etc/sysctl.conf and then reboot or run the command 'sysctl vm.overcommit_memory=1' for this to take effect.
1:M 18 Jul 2020 18:44:26.398 # WARNING you have Transparent Huge Pages (THP) support enabled in your kernel. This will create latency and memory usage issues with Redis. To fix this issue run the command 'echo never > /sys/kernel/mm/transparent_hugepage/enabled' as root, and add it to your /etc/rc.local in order to retain the setting after a reboot. Redis must be restarted after THP is disabled.
1:M 18 Jul 2020 18:44:26.399 * Loading RDB produced by version 6.0.5
1:M 18 Jul 2020 18:44:26.399 * RDB age 166 seconds
1:M 18 Jul 2020 18:44:26.399 * RDB memory usage when created 1.47 Mb
1:M 18 Jul 2020 18:44:26.399 * DB loaded from disk: 0.000 seconds
1:M 18 Jul 2020 18:44:26.399 * Ready to accept connections
1:M 18 Jul 2020 18:44:28.425 # Cluster state changed: ok
1:signal-handler (1595098090) Received SIGTERM scheduling shutdown...
1:M 18 Jul 2020 18:48:10.429 # User requested shutdown...
1:M 18 Jul 2020 18:48:10.429 * Saving the final RDB snapshot before exiting.
1:M 18 Jul 2020 18:48:10.436 * DB saved on disk
1:M 18 Jul 2020 18:48:10.436 * Removing the pid file.
1:M 18 Jul 2020 18:48:10.436 # Redis is now ready to exit, bye bye...
